1660317039480	geckodriver	INFO	Listening on 127.0.0.1:48547
1660317039987	mozrunner::runner	INFO	Running command: "/usr/local/bin/firefox" "--marionette" "--remote-debugging-port" "39759" "--remote-allow-hosts" "localhost" "-no-remote" "-profile" "/tmp/rust_mozprofileelNfVj"
ATTENTION: default value of option mesa_glthread overridden by environment.
ATTENTION: default value of option mesa_glthread overridden by environment.
1660317040570	Marionette	INFO	Marionette enabled
1660317040574	Marionette	INFO	Listening on port 40355
WebDriver BiDi listening on ws://localhost:39759
Read port: 40355
ATTENTION: default value of option mesa_glthread overridden by environment.
1660317041063	RemoteAgent	WARN	TLS certificate errors will be ignored for this session
console.warn: SearchSettings: "get: No settings file exists, new profile?" (new NotFoundError("Could not open the file at /tmp/rust_mozprofileelNfVj/search.json.mozlz4", (void 0)))
DevTools listening on ws://localhost:39759/devtools/browser/c0a176f2-8f7c-4bf6-8142-c7afe415a0c3
JavaScript warning: https://assets.adobedtm.com/0681c221600c/d0943e7fed9e/launch-90f4fb204f3b.min.js, line 7: WEBGL_debug_renderer_info is deprecated in Firefox and will be removed. Please use RENDERER.
1660317056749	Marionette	INFO	Stopped listening on port 40355
JavaScript error: resource://gre/modules/UrlClassifierListManager.jsm, line 694: TypeError: this.tablesData[table] is undefined
console.log: "RemoteSettingsWorker error: Error: Can't import when we've started shutting down."
1660317110043	geckodriver	INFO	Listening on 127.0.0.1:36321
1660317110552	mozrunner::runner	INFO	Running command: "/usr/local/bin/firefox" "--marionette" "--remote-debugging-port" "49417" "--remote-allow-hosts" "localhost" "-no-remote" "-profile" "/tmp/rust_mozprofiletWLCTu"
ATTENTION: default value of option mesa_glthread overridden by environment.
ATTENTION: default value of option mesa_glthread overridden by environment.
1660317111139	Marionette	INFO	Marionette enabled
1660317111142	Marionette	INFO	Listening on port 38473
WebDriver BiDi listening on ws://localhost:49417
Read port: 38473
ATTENTION: default value of option mesa_glthread overridden by environment.
1660317111647	RemoteAgent	WARN	TLS certificate errors will be ignored for this session
console.warn: SearchSettings: "get: No settings file exists, new profile?" (new NotFoundError("Could not open the file at /tmp/rust_mozprofiletWLCTu/search.json.mozlz4", (void 0)))
DevTools listening on ws://localhost:49417/devtools/browser/4b068b6e-32de-49fa-a477-a70b4455c7a0
JavaScript warning: https://assets.adobedtm.com/0681c221600c/d0943e7fed9e/launch-90f4fb204f3b.min.js, line 7: WEBGL_debug_renderer_info is deprecated in Firefox and will be removed. Please use RENDERER.
1660317125736	Marionette	INFO	Stopped listening on port 38473
JavaScript error: resource://gre/modules/UrlClassifierListManager.jsm, line 694: TypeError: this.tablesData[table] is undefined
console.log: "RemoteSettingsWorker error: Error: Can't import when we've started shutting down."
JavaScript error: resource://gre/modules/AsyncShutdown.jsm, line 718: Error: Phase "profile-before-change" is finished, it is too late to register completion condition "DoHController: clear state and remove observers"
